-- The C compiler identification is GNU 5.4.0
-- The CXX compiler identification is GNU 5.4.0
-- Check for working C compiler: /usr/bin/gcc-5
-- Check for working C compiler: /usr/bin/gcc-5 -- works
-- Detecting C compiler ABI info
-- Detecting C compiler ABI info - done
-- Detecting C compile features
-- Detecting C compile features - done
-- Check for working CXX compiler: /usr/bin/g++-5
-- Check for working CXX compiler: /usr/bin/g++-5 -- works
-- Detecting CXX compiler ABI info
-- Detecting CXX compiler ABI info - done
-- Detecting CXX compile features
-- Detecting CXX compile features - done
-- Try OpenMP C flag = [-fopenmp]
-- Performing Test OpenMP_FLAG_DETECTED
-- Performing Test OpenMP_FLAG_DETECTED - Success
-- Try OpenMP CXX flag = [-fopenmp]
-- Performing Test OpenMP_FLAG_DETECTED
-- Performing Test OpenMP_FLAG_DETECTED - Success
-- Found OpenMP: -fopenmp  
-- Looking for pthread.h
-- Looking for pthread.h - found
-- Looking for pthread_create
-- Looking for pthread_create - not found
-- Looking for pthread_create in pthreads
-- Looking for pthread_create in pthreads - not found
-- Looking for pthread_create in pthread
-- Looking for pthread_create in pthread - found
-- Found Threads: TRUE  
-- Found Git: /usr/bin/git (found version "2.7.4") 
-- Found ROOT: /home/lukasz/.bdm/third_party/root/bin/root-config  
-- clang-tidy found at /usr/bin/clang-tidy-3.9
-- clang-format found at /usr/bin/clang-format-3.9
-- Found NUMA library /usr/lib/x86_64-linux-gnu/libnuma.so
-- Successfully loaded VTK-m component Base
-- Successfully loaded VTK-m component Base
-- Found ParaView
-- Vtune library not found; try to set a VTUNE_DIR environment variable to the base installation path or add -DVTUNE_DIR to the cmake command
CMake Warning at CMakeLists.txt:102 (message):
  VTune not found


-- Found Doxygen: /usr/bin/doxygen (found version "1.8.11") 
-- Performing Test COMPILER_SUPPORTS_CXX14
-- Performing Test COMPILER_SUPPORTS_CXX14 - Success
-- Configuring done
-- Generating done
-- Build files have been written to: /home/lukasz/Desktop/biodynamo/build
